*** Starting uWSGI 2.0.18 (64bit) on [Sat Aug 29 11:49:34 2020] ***
compiled with version: 5.4.0 20160609 on 29 August 2020 03:15:14
os: Linux-4.4.0-96-generic #119-Ubuntu SMP Tue Sep 12 14:59:54 UTC 2017
nodename: tedu
machine: x86_64
clock source: unix
detected number of CPU cores: 2
current working directory: /home/tarena/django/day08/code/mysite8
writing pidfile to uwsgi.pid
detected binary path: /usr/local/bin/uwsgi
!!! no internal routing support, rebuild with pcre support !!!
uWSGI running as root, you can use --uid/--gid/--chroot options
*** WARNING: you are running uWSGI as root !!! (use the --uid flag) *** 
chdir() to /home/tarena/django/day08/code/mysite8
*** WARNING: you are running uWSGI without its master process manager ***
your processes number limit is 7775
your memory page size is 4096 bytes
detected max file descriptor number: 1024
lock engine: pthread robust mutexes
thunder lock: disabled (you can enable it with --thunder-lock)
uWSGI http bound on 127.0.0.1:8000 fd 4
spawned uWSGI http 1 (pid: 9355)
uwsgi socket 0 bound to TCP address 127.0.0.1:34282 (port auto-assigned) fd 3
uWSGI running as root, you can use --uid/--gid/--chroot options
*** WARNING: you are running uWSGI as root !!! (use the --uid flag) *** 
Python version: 3.5.2 (default, Nov 17 2016, 17:05:23)  [GCC 5.4.0 20160609]
Python main interpreter initialized at 0x137feb0
uWSGI running as root, you can use --uid/--gid/--chroot options
*** WARNING: you are running uWSGI as root !!! (use the --uid flag) *** 
python threads support enabled
your server socket listen backlog is limited to 100 connections
your mercy for graceful operations on workers is 60 seconds
mapped 72904 bytes (71 KB) for 1 cores
*** Operational MODE: single process ***
WSGI app 0 (mountpoint='') ready in 0 seconds on interpreter 0x137feb0 pid: 9354 (default app)
uWSGI running as root, you can use --uid/--gid/--chroot options
*** WARNING: you are running uWSGI as root !!! (use the --uid flag) *** 
*** uWSGI is running in multiple interpreter mode ***
spawned uWSGI worker 1 (and the only) (pid: 9354, cores: 1)
主页被访问
[pid: 9354|app: 0|req: 1/1] 127.0.0.1 () {48 vars in 941 bytes} [Sat Aug 29 03:49:51 2020] GET / => generated 6 bytes in 3 msecs (HTTP/1.1 200) 3 headers in 107 bytes (1 switches on core 0)
[pid: 9354|app: 0|req: 2/2] 127.0.0.1 () {46 vars in 920 bytes} [Sat Aug 29 03:50:01 2020] GET /page1 => generated 9 bytes in 0 msecs (HTTP/1.1 200) 3 headers in 107 bytes (1 switches on core 0)
[pid: 9354|app: 0|req: 3/3] 127.0.0.1 () {46 vars in 920 bytes} [Sat Aug 29 03:50:06 2020] GET /page2 => generated 79 bytes in 32 msecs (HTTP/1.1 404) 3 headers in 100 bytes (1 switches on core 0)
[pid: 9354|app: 0|req: 4/4] 127.0.0.1 () {46 vars in 920 bytes} [Sat Aug 29 03:50:10 2020] GET /page1 => generated 9 bytes in 0 msecs (HTTP/1.1 200) 3 headers in 107 bytes (1 switches on core 0)
主页被访问
[pid: 9354|app: 0|req: 5/5] 127.0.0.1 () {46 vars in 910 bytes} [Sat Aug 29 03:53:20 2020] GET / => generated 6 bytes in 0 msecs (HTTP/1.1 200) 3 headers in 107 bytes (1 switches on core 0)
*** Starting uWSGI 2.0.18 (64bit) on [Sat Aug 29 13:38:22 2020] ***
compiled with version: 5.4.0 20160609 on 29 August 2020 03:15:14
os: Linux-4.4.0-96-generic #119-Ubuntu SMP Tue Sep 12 14:59:54 UTC 2017
nodename: tedu
machine: x86_64
clock source: unix
detected number of CPU cores: 2
current working directory: /home/tarena/django/day08/code/mysite8
writing pidfile to uwsgi.pid
detected binary path: /usr/local/bin/uwsgi
!!! no internal routing support, rebuild with pcre support !!!
uWSGI running as root, you can use --uid/--gid/--chroot options
*** WARNING: you are running uWSGI as root !!! (use the --uid flag) *** 
chdir() to /home/tarena/django/day08/code/mysite8
*** WARNING: you are running uWSGI without its master process manager ***
your processes number limit is 7775
your memory page size is 4096 bytes
detected max file descriptor number: 1024
lock engine: pthread robust mutexes
thunder lock: disabled (you can enable it with --thunder-lock)
uWSGI http bound on 127.0.0.1:8000 fd 4
spawned uWSGI http 1 (pid: 10378)
uwsgi socket 0 bound to TCP address 127.0.0.1:35895 (port auto-assigned) fd 3
uWSGI running as root, you can use --uid/--gid/--chroot options
*** WARNING: you are running uWSGI as root !!! (use the --uid flag) *** 
Python version: 3.5.2 (default, Nov 17 2016, 17:05:23)  [GCC 5.4.0 20160609]
Python main interpreter initialized at 0x1981eb0
uWSGI running as root, you can use --uid/--gid/--chroot options
*** WARNING: you are running uWSGI as root !!! (use the --uid flag) *** 
python threads support enabled
your server socket listen backlog is limited to 100 connections
your mercy for graceful operations on workers is 60 seconds
mapped 72904 bytes (71 KB) for 1 cores
*** Operational MODE: single process ***
WSGI app 0 (mountpoint='') ready in 2 seconds on interpreter 0x1981eb0 pid: 10377 (default app)
uWSGI running as root, you can use --uid/--gid/--chroot options
*** WARNING: you are running uWSGI as root !!! (use the --uid flag) *** 
*** uWSGI is running in multiple interpreter mode ***
spawned uWSGI worker 1 (and the only) (pid: 10377, cores: 1)
主页被访问
[pid: 10377|app: 0|req: 1/1] 127.0.0.1 () {48 vars in 915 bytes} [Sat Aug 29 05:39:24 2020] GET / => generated 6 bytes in 31 msecs (HTTP/1.1 200) 3 headers in 107 bytes (1 switches on core 0)
*** Starting uWSGI 2.0.18 (64bit) on [Sat Aug 29 14:19:44 2020] ***
compiled with version: 5.4.0 20160609 on 29 August 2020 03:15:14
os: Linux-4.4.0-96-generic #119-Ubuntu SMP Tue Sep 12 14:59:54 UTC 2017
nodename: tedu
machine: x86_64
clock source: unix
detected number of CPU cores: 2
current working directory: /home/tarena/django/day08/code/mysite8
writing pidfile to uwsgi.pid
detected binary path: /usr/local/bin/uwsgi
!!! no internal routing support, rebuild with pcre support !!!
uWSGI running as root, you can use --uid/--gid/--chroot options
*** WARNING: you are running uWSGI as root !!! (use the --uid flag) *** 
chdir() to /home/tarena/django/day08/code/mysite8
*** WARNING: you are running uWSGI without its master process manager ***
your processes number limit is 7775
your memory page size is 4096 bytes
detected max file descriptor number: 1024
lock engine: pthread robust mutexes
thunder lock: disabled (you can enable it with --thunder-lock)
probably another instance of uWSGI is running on the same address (127.0.0.1:8000).
bind(): Address already in use [core/socket.c line 769]
主页被访问
[pid: 10377|app: 0|req: 2/2] 127.0.0.1 () {46 vars in 891 bytes} [Sat Aug 29 06:21:21 2020] GET / => generated 6 bytes in 18 msecs (HTTP/1.1 200) 3 headers in 107 bytes (1 switches on core 0)
[pid: 10377|app: 0|req: 3/3] 127.0.0.1 () {44 vars in 809 bytes} [Sat Aug 29 06:21:21 2020] GET /favicon.ico => generated 85 bytes in 39 msecs (HTTP/1.1 404) 3 headers in 100 bytes (1 switches on core 0)
